<?xml version="1.0" encoding="UTF-8"?>
<!-- Generated by org.testng.reporters.JUnitReportReporter -->
<testsuite skipped="0" hostname="PL" name="com.supermarket.tests.ManageCategoryTest" tests="1" failures="0" timestamp="2022-09-12T19:13:05 IST" time="11.443" errors="0">
  <testcase name="verifyTheSearchButtonBackGroundColor" time="11.443" classname="com.supermarket.tests.ManageCategoryTest"/>
  <system-out/>
</testsuite> <!-- com.supermarket.tests.ManageCategoryTest -->
