<?xml version="1.0" encoding="UTF-8"?>
<!-- Generated by org.testng.reporters.JUnitReportReporter -->
<testsuite skipped="0" hostname="PL" name="com.supermarket.tests.PushNotificationsTest" tests="1" failures="0" timestamp="2022-09-15T20:31:12 IST" time="12.971" errors="0">
  <testcase name="verifyThatPushNotificationsMessageSendSuccessfully" time="12.971" classname="com.supermarket.tests.PushNotificationsTest"/>
  <system-out/>
</testsuite> <!-- com.supermarket.tests.PushNotificationsTest -->
