<?xml version="1.0" encoding="UTF-8"?>
<!-- Generated by org.testng.reporters.JUnitReportReporter -->
<testsuite skipped="0" hostname="PL" name="com.supermarket.tests.ManageOrdersTest" tests="1" failures="0" timestamp="2022-09-12T15:24:13 IST" time="12.679" errors="0">
  <testcase name="verifyTheStatusOfOderId450" time="12.679" classname="com.supermarket.tests.ManageOrdersTest"/>
  <system-out/>
</testsuite> <!-- com.supermarket.tests.ManageOrdersTest -->
