<?xml version="1.0" encoding="UTF-8"?>
<!-- Generated by org.testng.reporters.JUnitReportReporter -->
<testsuite skipped="0" hostname="PL" name="com.supermarket.tests.AdminUsersTest" tests="1" failures="0" timestamp="2022-09-15T20:24:31 IST" time="12.327" errors="0">
  <testcase name="verifyifNewAdminUserCanBeCreated" time="12.327" classname="com.supermarket.tests.AdminUsersTest"/>
  <system-out/>
</testsuite> <!-- com.supermarket.tests.AdminUsersTest -->
