<?xml version="1.0" encoding="UTF-8"?>
<!-- Generated by org.testng.reporters.JUnitReportReporter -->
<testsuite skipped="0" hostname="PL" name="com.supermarket.tests.ManageOfferCodeTest" tests="1" failures="0" timestamp="2022-09-12T20:05:21 IST" time="11.245" errors="0">
  <testcase name="verifyThatOfferCodeAlreadyExists" time="11.245" classname="com.supermarket.tests.ManageOfferCodeTest"/>
  <system-out/>
</testsuite> <!-- com.supermarket.tests.ManageOfferCodeTest -->
