<?xml version="1.0" encoding="UTF-8"?>
<!-- Generated by org.testng.reporters.JUnitReportReporter -->
<testsuite skipped="0" hostname="PL" name="com.supermarket.tests.ManageOfferCodeTest" tests="1" failures="0" timestamp="2022-09-12T01:39:02 IST" time="29.279" errors="0">
  <testcase name="verifyThatAmountOfItem" time="29.279" classname="com.supermarket.tests.ManageOfferCodeTest"/>
  <system-out/>
</testsuite> <!-- com.supermarket.tests.ManageOfferCodeTest -->
