<?xml version="1.0" encoding="UTF-8"?>
<!-- Generated by org.testng.reporters.JUnitReportReporter -->
<testsuite skipped="0" hostname="PL" name="com.supermarket.tests.ManageDeliveryBoyTest" tests="1" failures="0" timestamp="2022-09-15T20:20:15 IST" time="14.668" errors="0">
  <testcase name="verifyDeliveryBoyStatus" time="14.668" classname="com.supermarket.tests.ManageDeliveryBoyTest"/>
  <system-out/>
</testsuite> <!-- com.supermarket.tests.ManageDeliveryBoyTest -->
