<?xml version="1.0" encoding="UTF-8"?>
<!-- Generated by org.testng.reporters.JUnitReportReporter -->
<testsuite skipped="0" hostname="PL" name="com.supermarket.tests.AdminUsersTest" tests="1" failures="0" timestamp="2022-09-11T22:27:01 IST" time="17.224" errors="0">
  <testcase name="verifyifNewAdminUserCanBeCreated" time="17.224" classname="com.supermarket.tests.AdminUsersTest"/>
  <system-out/>
</testsuite> <!-- com.supermarket.tests.AdminUsersTest -->
