<?xml version="1.0" encoding="UTF-8"?>
<!-- Generated by org.testng.reporters.JUnitReportReporter -->
<testsuite skipped="0" hostname="PL" name="com.supermarket.tests.LoginTest" tests="1" failures="0" timestamp="2022-09-11T15:25:00 IST" time="12.272" errors="0">
  <testcase name="verifyThatAdminLogout" time="12.272" classname="com.supermarket.tests.LoginTest"/>
  <system-out/>
</testsuite> <!-- com.supermarket.tests.LoginTest -->
