<?xml version="1.0" encoding="UTF-8"?>
<!-- Generated by org.testng.reporters.JUnitReportReporter -->
<testsuite skipped="0" hostname="PL" name="com.supermarket.tests.ManageOfferCodeTest" tests="1" failures="0" timestamp="2022-09-16T12:05:49 IST" time="15.275" errors="0">
  <testcase name="verifyThatOfferCodeAlreadyExists" time="15.275" classname="com.supermarket.tests.ManageOfferCodeTest"/>
  <system-out/>
</testsuite> <!-- com.supermarket.tests.ManageOfferCodeTest -->
