<?xml version="1.0" encoding="UTF-8"?>
<!-- Generated by org.testng.reporters.JUnitReportReporter -->
<testsuite skipped="0" hostname="PL" name="com.supermarket.tests.ManageSliderTest" tests="1" failures="0" timestamp="2022-09-05T20:29:00 IST" time="27.324" errors="0">
  <testcase name="verifyUploadImageIsDisplayed" time="27.324" classname="com.supermarket.tests.ManageSliderTest"/>
  <system-out/>
</testsuite> <!-- com.supermarket.tests.ManageSliderTest -->
