<?xml version="1.0" encoding="UTF-8"?>
<!-- Generated by org.testng.reporters.JUnitReportReporter -->
<testsuite skipped="0" hostname="PL" name="com.supermarket.tests.ManageCODTest" tests="1" failures="0" timestamp="2022-09-10T21:39:07 IST" time="14.092" errors="0">
  <testcase name="verifyThatCODAddedSuccessfully" time="14.092" classname="com.supermarket.tests.ManageCODTest"/>
  <system-out/>
</testsuite> <!-- com.supermarket.tests.ManageCODTest -->
