<?xml version="1.0" encoding="UTF-8"?>
<!-- Generated by org.testng.reporters.JUnitReportReporter -->
<testsuite skipped="0" hostname="PL" name="com.supermarket.tests.ManageCategoryTest" tests="1" failures="0" timestamp="2022-09-10T11:46:45 IST" time="14.950" errors="0">
  <testcase name="verifythatUploadImageIsDisplayedOrNot" time="14.950" classname="com.supermarket.tests.ManageCategoryTest"/>
  <system-out/>
</testsuite> <!-- com.supermarket.tests.ManageCategoryTest -->
