<?xml version="1.0" encoding="UTF-8"?>
<!-- Generated by org.testng.reporters.JUnitReportReporter -->
<testsuite skipped="0" hostname="PL" name="com.supermarket.tests.ManageExpenseTest" tests="1" failures="0" timestamp="2022-09-10T11:46:07 IST" time="12.684" errors="0">
  <testcase name="verifyThatExpenseCategoryCreatedSuccessfullyOrNot" time="12.684" classname="com.supermarket.tests.ManageExpenseTest"/>
  <system-out/>
</testsuite> <!-- com.supermarket.tests.ManageExpenseTest -->
