<?xml version="1.0" encoding="UTF-8"?>
<!-- Generated by org.testng.reporters.JUnitReportReporter -->
<testsuite skipped="0" hostname="PL" name="com.supermarket.tests.MobileSliderTest" tests="1" failures="0" timestamp="2022-09-05T11:45:50 IST" time="13.218" errors="0">
  <testcase name="verifyTheUploadImageIsDisplayed" time="13.218" classname="com.supermarket.tests.MobileSliderTest"/>
  <system-out/>
</testsuite> <!-- com.supermarket.tests.MobileSliderTest -->
